<?xml version="1.0" encoding="UTF-8"?>
<trace:TraceModel xmi:version="2.0" xmlns:xmi="http://www.omg.org/XMI" xmlns:trace="http://www.eclipse.org/gmf/2006/Trace">
  <nodeTraces visualID="2001" queryText="let _eClass_:ecore::EClass = modelFacet.metaClass.ecoreClass in _eClass_.ePackage.nsURI = 'ComBE' and _eClass_.name = 'AlternativeBranch'">
    <compartmentTraces visualID="7001" queryText="true"/>
  </nodeTraces>
  <nodeTraces visualID="2002" queryText="let _eClass_:ecore::EClass = modelFacet.metaClass.ecoreClass in _eClass_.ePackage.nsURI = 'ComBE' and _eClass_.name = 'ParallelBranch'">
    <compartmentTraces visualID="7002" queryText="true"/>
  </nodeTraces>
  <nodeTraces visualID="2003" queryText="let _eClass_:ecore::EClass = modelFacet.metaClass.ecoreClass in _eClass_.ePackage.nsURI = 'ComBE' and _eClass_.name = 'AtomicSequence'">
    <compartmentTraces visualID="7003" queryText="true"/>
  </nodeTraces>
  <childNodeTraces visualID="3001" queryText="(let _eClass_:ecore::EClass = modelFacet.metaClass.ecoreClass in _eClass_.ePackage.nsURI = 'ComBE' and _eClass_.name = 'StandardNode') and (let _containmentMF_:ecore::EStructuralFeature = modelFacet.containmentMetaFeature.ecoreFeature in (let _eClass_:ecore::EClass = _containmentMF_.eContainingClass in _eClass_.ePackage.nsURI = 'ComBE' and _eClass_.name = 'BehaviorTree') and _containmentMF_.name = 'nodes')">
    <nodeLabelTraces visualID="5001" queryText="true"/>
    <nodeLabelTraces visualID="5002" queryText="true"/>
    <nodeLabelTraces visualID="5003" queryText="true"/>
    <nodeLabelTraces visualID="5004" queryText="true"/>
    <nodeLabelTraces visualID="5005" queryText="true"/>
    <nodeLabelTraces visualID="5006" queryText="true"/>
  </childNodeTraces>
  <childNodeTraces visualID="3002" queryText="(let _eClass_:ecore::EClass = modelFacet.metaClass.ecoreClass in _eClass_.ePackage.nsURI = 'ComBE' and _eClass_.name = 'EmptyNode') and (let _containmentMF_:ecore::EStructuralFeature = modelFacet.containmentMetaFeature.ecoreFeature in (let _eClass_:ecore::EClass = _containmentMF_.eContainingClass in _eClass_.ePackage.nsURI = 'ComBE' and _eClass_.name = 'BehaviorTree') and _containmentMF_.name = 'nodes')">
    <nodeLabelTraces visualID="5007" queryText="true"/>
    <nodeLabelTraces visualID="5008" queryText="true"/>
  </childNodeTraces>
  <childNodeTraces visualID="3003" queryText="(let _eClass_:ecore::EClass = modelFacet.metaClass.ecoreClass in _eClass_.ePackage.nsURI = 'ComBE' and _eClass_.name = 'StandardNode') and (let _containmentMF_:ecore::EStructuralFeature = modelFacet.containmentMetaFeature.ecoreFeature in (let _eClass_:ecore::EClass = _containmentMF_.eContainingClass in _eClass_.ePackage.nsURI = 'ComBE' and _eClass_.name = 'BehaviorTree') and _containmentMF_.name = 'nodes')">
    <nodeLabelTraces visualID="5009" queryText="true"/>
    <nodeLabelTraces visualID="5010" queryText="true"/>
    <nodeLabelTraces visualID="5011" queryText="true"/>
    <nodeLabelTraces visualID="5012" queryText="true"/>
    <nodeLabelTraces visualID="5013" queryText="true"/>
    <nodeLabelTraces visualID="5014" queryText="true"/>
  </childNodeTraces>
  <childNodeTraces visualID="3004" queryText="(let _eClass_:ecore::EClass = modelFacet.metaClass.ecoreClass in _eClass_.ePackage.nsURI = 'ComBE' and _eClass_.name = 'EmptyNode') and (let _containmentMF_:ecore::EStructuralFeature = modelFacet.containmentMetaFeature.ecoreFeature in (let _eClass_:ecore::EClass = _containmentMF_.eContainingClass in _eClass_.ePackage.nsURI = 'ComBE' and _eClass_.name = 'BehaviorTree') and _containmentMF_.name = 'nodes')">
    <nodeLabelTraces visualID="5015" queryText="true"/>
    <nodeLabelTraces visualID="5016" queryText="true"/>
  </childNodeTraces>
  <childNodeTraces visualID="3005" queryText="(let _eClass_:ecore::EClass = modelFacet.metaClass.ecoreClass in _eClass_.ePackage.nsURI = 'ComBE' and _eClass_.name = 'StandardNode') and (let _containmentMF_:ecore::EStructuralFeature = modelFacet.containmentMetaFeature.ecoreFeature in (let _eClass_:ecore::EClass = _containmentMF_.eContainingClass in _eClass_.ePackage.nsURI = 'ComBE' and _eClass_.name = 'BehaviorTree') and _containmentMF_.name = 'nodes')">
    <nodeLabelTraces visualID="5017" queryText="true"/>
    <nodeLabelTraces visualID="5018" queryText="true"/>
    <nodeLabelTraces visualID="5019" queryText="true"/>
    <nodeLabelTraces visualID="5020" queryText="true"/>
    <nodeLabelTraces visualID="5021" queryText="true"/>
    <nodeLabelTraces visualID="5022" queryText="true"/>
  </childNodeTraces>
  <childNodeTraces visualID="3006" queryText="(let _eClass_:ecore::EClass = modelFacet.metaClass.ecoreClass in _eClass_.ePackage.nsURI = 'ComBE' and _eClass_.name = 'EmptyNode') and (let _containmentMF_:ecore::EStructuralFeature = modelFacet.containmentMetaFeature.ecoreFeature in (let _eClass_:ecore::EClass = _containmentMF_.eContainingClass in _eClass_.ePackage.nsURI = 'ComBE' and _eClass_.name = 'BehaviorTree') and _containmentMF_.name = 'nodes')">
    <nodeLabelTraces visualID="5023" queryText="true"/>
    <nodeLabelTraces visualID="5024" queryText="true"/>
  </childNodeTraces>
  <linkTraces visualID="4001" queryText="modelFacet.oclIsKindOf(gmfgen::FeatureLinkModelFacet) and (let _feature_:ecore::EStructuralFeature = modelFacet.oclAsType(gmfgen::FeatureLinkModelFacet).metaFeature.ecoreFeature in (let _eClass_:ecore::EClass = _feature_.eContainingClass in _eClass_.ePackage.nsURI = 'ComBE' and _eClass_.name = 'AlternativeBranch') and _feature_.name = 'children')"/>
  <linkTraces visualID="4002" queryText="modelFacet.oclIsKindOf(gmfgen::FeatureLinkModelFacet) and (let _feature_:ecore::EStructuralFeature = modelFacet.oclAsType(gmfgen::FeatureLinkModelFacet).metaFeature.ecoreFeature in (let _eClass_:ecore::EClass = _feature_.eContainingClass in _eClass_.ePackage.nsURI = 'ComBE' and _eClass_.name = 'ParallelBranch') and _feature_.name = 'children')"/>
  <linkTraces visualID="4003" queryText="modelFacet.oclIsKindOf(gmfgen::FeatureLinkModelFacet) and (let _feature_:ecore::EStructuralFeature = modelFacet.oclAsType(gmfgen::FeatureLinkModelFacet).metaFeature.ecoreFeature in (let _eClass_:ecore::EClass = _feature_.eContainingClass in _eClass_.ePackage.nsURI = 'ComBE' and _eClass_.name = 'AtomicSequence') and _feature_.name = 'child')"/>
</trace:TraceModel>
